<?xml version="1.0" encoding="UTF-8"?>
<testsuite xmlns:xsi="http://www.w3.org/2001/XMLSchema-instance" xsi:noNamespaceSchemaLocation="https://maven.apache.org/surefire/maven-surefire-plugin/xsd/surefire-test-report-3.0.xsd" version="3.0" name="com.globant.RunCucumberTest" time="0.358" tests="6" errors="0" skipped="0" failures="0">
  <properties>
[...]
</properties>
  <testcase name="Gutter game" classname="Bowling Game Score" time="0.092">
    <system-out><![CDATA[
Scenario: Gutter game                                                      &amp#27;[90m# com/globant/BowlingGame.feature:7&amp#27;[0m
  &amp#27;[32mGiven &amp#27;[0m&amp#27;[32ma bowling game&amp#27;[0m                                                     &amp#27;[90m# com.globant.StepDefinitions.aBowlingGame()&amp#27;[0m
  &amp#27;[32mWhen &amp#27;[0m&amp#27;[32mI roll the following line &amp#27;[0m&amp#27;[32m&amp#27;[1m"0,0,0,0,0,0,0,0,0,0,0,0,0,0,0,0,0,0,0,0"&amp#27;[0m &amp#27;[90m# com.globant.StepDefinitions.whenIRollLine(java.lang.String)&amp#27;[0m
  &amp#27;[32mThen &amp#27;[0m&amp#27;[32mmy score is &amp#27;[0m&amp#27;[32m&amp#27;[1m0&amp#27;[0m                                                       &amp#27;[90m# com.globant.StepDefinitions.theScenarioPasses(int)&amp#27;[0m
]]></system-out>
  </testcase>
  <testcase name="Game all ones" classname="Bowling Game Score" time="0.007">
    <system-out><![CDATA[
Scenario: Game all ones                                                    &amp#27;[90m# com/globant/BowlingGame.feature:12&amp#27;[0m
  &amp#27;[32mGiven &amp#27;[0m&amp#27;[32ma bowling game&amp#27;[0m                                                     &amp#27;[90m# com.globant.StepDefinitions.aBowlingGame()&amp#27;[0m
  &amp#27;[32mWhen &amp#27;[0m&amp#27;[32mI roll the following line &amp#27;[0m&amp#27;[32m&amp#27;[1m"1,1,1,1,1,1,1,1,1,1,1,1,1,1,1,1,1,1,1,1"&amp#27;[0m &amp#27;[90m# com.globant.StepDefinitions.whenIRollLine(java.lang.String)&amp#27;[0m
  &amp#27;[32mThen &amp#27;[0m&amp#27;[32mmy score is &amp#27;[0m&amp#27;[32m&amp#27;[1m20&amp#27;[0m                                                      &amp#27;[90m# com.globant.StepDefinitions.theScenarioPasses(int)&amp#27;[0m
]]></system-out>
  </testcase>
  <testcase name="Game with spare" classname="Bowling Game Score" time="0.009">
    <system-out><![CDATA[
Scenario: Game with spare                                                  &amp#27;[90m# com/globant/BowlingGame.feature:17&amp#27;[0m
  &amp#27;[32mGiven &amp#27;[0m&amp#27;[32ma bowling game&amp#27;[0m                                                     &amp#27;[90m# com.globant.StepDefinitions.aBowlingGame()&amp#27;[0m
  &amp#27;[32mWhen &amp#27;[0m&amp#27;[32mI roll the following line &amp#27;[0m&amp#27;[32m&amp#27;[1m"5,5,3,0,0,0,0,0,0,0,0,0,0,0,0,0,0,0,0,0"&amp#27;[0m &amp#27;[90m# com.globant.StepDefinitions.whenIRollLine(java.lang.String)&amp#27;[0m
  &amp#27;[32mThen &amp#27;[0m&amp#27;[32mmy score is &amp#27;[0m&amp#27;[32m&amp#27;[1m16&amp#27;[0m                                                      &amp#27;[90m# com.globant.StepDefinitions.theScenarioPasses(int)&amp#27;[0m
]]></system-out>
  </testcase>
  <testcase name="Game with strike" classname="Bowling Game Score" time="0.016">
    <system-out><![CDATA[
Scenario: Game with strike                                                &amp#27;[90m# com/globant/BowlingGame.feature:22&amp#27;[0m
  &amp#27;[32mGiven &amp#27;[0m&amp#27;[32ma bowling game&amp#27;[0m                                                    &amp#27;[90m# com.globant.StepDefinitions.aBowlingGame()&amp#27;[0m
  &amp#27;[32mWhen &amp#27;[0m&amp#27;[32mI roll the following line &amp#27;[0m&amp#27;[32m&amp#27;[1m"10,5,3,0,0,0,0,0,0,0,0,0,0,0,0,0,0,0,0"&amp#27;[0m &amp#27;[90m# com.globant.StepDefinitions.whenIRollLine(java.lang.String)&amp#27;[0m
  &amp#27;[32mThen &amp#27;[0m&amp#27;[32mmy score is &amp#27;[0m&amp#27;[32m&amp#27;[1m26&amp#27;[0m                                                     &amp#27;[90m# com.globant.StepDefinitions.theScenarioPasses(int)&amp#27;[0m
]]></system-out>
  </testcase>
  <testcase name="Perfect game" classname="Bowling Game Score" time="0.007">
    <system-out><![CDATA[
Scenario: Perfect game                                                 &amp#27;[90m# com/globant/BowlingGame.feature:27&amp#27;[0m
  &amp#27;[32mGiven &amp#27;[0m&amp#27;[32ma bowling game&amp#27;[0m                                                 &amp#27;[90m# com.globant.StepDefinitions.aBowlingGame()&amp#27;[0m
  &amp#27;[32mWhen &amp#27;[0m&amp#27;[32mI roll the following line &amp#27;[0m&amp#27;[32m&amp#27;[1m"10,10,10,10,10,10,10,10,10,10,10,10"&amp#27;[0m &amp#27;[90m# com.globant.StepDefinitions.whenIRollLine(java.lang.String)&amp#27;[0m
  &amp#27;[32mThen &amp#27;[0m&amp#27;[32mmy score is &amp#27;[0m&amp#27;[32m&amp#27;[1m300&amp#27;[0m                                                 &amp#27;[90m# com.globant.StepDefinitions.theScenarioPasses(int)&amp#27;[0m
]]></system-out>
  </testcase>
  <testcase name="Partial game" classname="Bowling Game Score" time="0.014">
    <system-out><![CDATA[
Scenario: Partial game                     &amp#27;[90m# com/globant/BowlingGame.feature:37&amp#27;[0m
  &amp#27;[32mGiven &amp#27;[0m&amp#27;[32ma bowling game&amp#27;[0m                     &amp#27;[90m# com.globant.StepDefinitions.aBowlingGame()&amp#27;[0m
  &amp#27;[32mWhen &amp#27;[0m&amp#27;[32mI roll the following line &amp#27;[0m&amp#27;[32m&amp#27;[1m"5,5,3,0"&amp#27;[0m &amp#27;[90m# com.globant.StepDefinitions.whenIRollLine(java.lang.String)&amp#27;[0m
  &amp#27;[32mThen &amp#27;[0m&amp#27;[32mmy score is &amp#27;[0m&amp#27;[32m&amp#27;[1m16&amp#27;[0m                      &amp#27;[90m# com.globant.StepDefinitions.theScenarioPasses(int)&amp#27;[0m
]]></system-out>
  </testcase>
</testsuite>